  源.c
E:\Codefield\C_CODE\指针作业\源.c(95,29): warning C4090: “函数”: 不同的“const”限定符
E:\Codefield\C_CODE\指针作业\源.c(96,28): warning C4090: “函数”: 不同的“const”限定符
E:\Codefield\C_CODE\指针作业\源.c(97,28): warning C4090: “函数”: 不同的“const”限定符
E:\Codefield\C_CODE\指针作业\源.c(121,24): warning C4090: “return”: 不同的“const”限定符
E:\Codefield\C_CODE\指针作业\源.c(136,30): warning C4090: “函数”: 不同的“const”限定符
E:\Codefield\C_CODE\指针作业\源.c(224,9): warning C4477: “printf”: 格式字符串“%d”需要类型“int”的参数，但可变参数 1 拥有了类型“size_t”
E:\Codefield\C_CODE\指针作业\源.c(224,9): message : 请考虑在格式字符串中使用“%zd”
E:\Codefield\C_CODE\指针作业\源.c(225,10): warning C4477: “printf”: 格式字符串“%d”需要类型“int”的参数，但可变参数 1 拥有了类型“size_t”
E:\Codefield\C_CODE\指针作业\源.c(225,10): message : 请考虑在格式字符串中使用“%zd”
E:\Codefield\C_CODE\指针作业\源.c(226,9): warning C4477: “printf”: 格式字符串“%d”需要类型“int”的参数，但可变参数 1 拥有了类型“size_t”
E:\Codefield\C_CODE\指针作业\源.c(226,9): message : 请考虑在格式字符串中使用“%zd”
E:\Codefield\C_CODE\指针作业\源.c(227,9): warning C4477: “printf”: 格式字符串“%d”需要类型“int”的参数，但可变参数 1 拥有了类型“size_t”
E:\Codefield\C_CODE\指针作业\源.c(227,9): message : 请考虑在格式字符串中使用“%zd”
E:\Codefield\C_CODE\指针作业\源.c(228,9): warning C4477: “printf”: 格式字符串“%d”需要类型“int”的参数，但可变参数 1 拥有了类型“size_t”
E:\Codefield\C_CODE\指针作业\源.c(228,9): message : 请考虑在格式字符串中使用“%zd”
E:\Codefield\C_CODE\指针作业\源.c(229,9): warning C4477: “printf”: 格式字符串“%d”需要类型“int”的参数，但可变参数 1 拥有了类型“size_t”
E:\Codefield\C_CODE\指针作业\源.c(229,9): message : 请考虑在格式字符串中使用“%zd”
E:\Codefield\C_CODE\指针作业\源.c(230,9): warning C4477: “printf”: 格式字符串“%d”需要类型“int”的参数，但可变参数 1 拥有了类型“size_t”
E:\Codefield\C_CODE\指针作业\源.c(230,9): message : 请考虑在格式字符串中使用“%zd”
E:\Codefield\C_CODE\指针作业\源.c(231,9): warning C4477: “printf”: 格式字符串“%d”需要类型“int”的参数，但可变参数 1 拥有了类型“size_t”
E:\Codefield\C_CODE\指针作业\源.c(231,9): message : 请考虑在格式字符串中使用“%zd”
E:\Codefield\C_CODE\指针作业\源.c(232,9): warning C4477: “printf”: 格式字符串“%d”需要类型“int”的参数，但可变参数 1 拥有了类型“size_t”
E:\Codefield\C_CODE\指针作业\源.c(232,9): message : 请考虑在格式字符串中使用“%zd”
E:\Codefield\C_CODE\指针作业\源.c(233,9): warning C4477: “printf”: 格式字符串“%d”需要类型“int”的参数，但可变参数 1 拥有了类型“size_t”
E:\Codefield\C_CODE\指针作业\源.c(233,9): message : 请考虑在格式字符串中使用“%zd”
  指针作业.vcxproj -> E:\Codefield\C_CODE\指针作业\x64\Debug\指针作业.exe
